# JRE version: Java(TM) SE Runtime Environment (8.0_201-b09) (build 1.8.0_201-b09)
# Java VM: Java HotSpot(TM) 64-Bit Server VM (25.201-b09 mixed mode windows-amd64 compressed oops)
Heap:
 PSYoungGen      total 230400K, used 30212K [0x0000000715a00000, 0x000000072c400000, 0x00000007c0000000)
  eden space 208896K, 4% used [0x0000000715a00000,0x0000000716374138,0x0000000722600000)
  from space 21504K, 95% used [0x0000000722600000,0x0000000723a0cee8,0x0000000723b00000)
  to   space 22016K, 0% used [0x000000072ae80000,0x000000072ae80000,0x000000072c400000)
 ParOldGen       total 176128K, used 12051K [0x00000005c0e00000, 0x00000005cba00000, 0x0000000715a00000)
  object space 176128K, 6% used [0x00000005c0e00000,0x00000005c19c4e68,0x00000005cba00000)
 Metaspace       used 26532K, capacity 26828K, committed 27264K, reserved 1073152K
  class space    used 3249K, capacity 3333K, committed 3456K, reserved 1048576K
GC Heap History (10 events):
Event: 1.895 GC heap before
{Heap before GC invocations=2 (full 0):
 PSYoungGen      total 153088K, used 32464K [0x0000000715a00000, 0x0000000720480000, 0x00000007c0000000)
  eden space 131584K, 16% used [0x0000000715a00000,0x0000000716ee4df0,0x000000071da80000)
  from space 21504K, 51% used [0x000000071da80000,0x000000071e54f4b8,0x000000071ef80000)
  to   space 21504K, 0% used [0x000000071ef80000,0x000000071ef80000,0x0000000720480000)
 ParOldGen       total 349696K, used 24K [0x00000005c0e00000, 0x00000005d6380000, 0x0000000715a00000)
  object space 349696K, 0% used [0x00000005c0e00000,0x00000005c0e06000,0x00000005d6380000)
 Metaspace       used 20868K, capacity 21096K, committed 21296K, reserved 1069056K
  class space    used 2570K, capacity 2645K, committed 2688K, reserved 1048576K
Event: 1.902 GC heap after
Heap after GC invocations=2 (full 0):
 PSYoungGen      total 153088K, used 7486K [0x0000000715a00000, 0x0000000728500000, 0x00000007c0000000)
  eden space 131584K, 0% used [0x0000000715a00000,0x0000000715a00000,0x000000071da80000)
  from space 21504K, 34% used [0x000000071ef80000,0x000000071f6cf9b0,0x0000000720480000)
  to   space 21504K, 0% used [0x000000071da80000,0x000000071da80000,0x000000071ef80000)
 ParOldGen       total 349696K, used 32K [0x00000005c0e00000, 0x00000005d6380000, 0x0000000715a00000)
  object space 349696K, 0% used [0x00000005c0e00000,0x00000005c0e08000,0x00000005d6380000)
 Metaspace       used 20868K, capacity 21096K, committed 21296K, reserved 1069056K
  class space    used 2570K, capacity 2645K, committed 2688K, reserved 1048576K
}
Event: 1.902 GC heap before
{Heap before GC invocations=3 (full 1):
 PSYoungGen      total 153088K, used 7486K [0x0000000715a00000, 0x0000000728500000, 0x00000007c0000000)
  eden space 131584K, 0% used [0x0000000715a00000,0x0000000715a00000,0x000000071da80000)
  from space 21504K, 34% used [0x000000071ef80000,0x000000071f6cf9b0,0x0000000720480000)
  to   space 21504K, 0% used [0x000000071da80000,0x000000071da80000,0x000000071ef80000)
 ParOldGen       total 349696K, used 32K [0x00000005c0e00000, 0x00000005d6380000, 0x0000000715a00000)
  object space 349696K, 0% used [0x00000005c0e00000,0x00000005c0e08000,0x00000005d6380000)
 Metaspace       used 20868K, capacity 21096K, committed 21296K, reserved 1069056K
  class space    used 2570K, capacity 2645K, committed 2688K, reserved 1048576K
Event: 1.930 GC heap after
Heap after GC invocations=3 (full 1):
 PSYoungGen      total 153088K, used 0K [0x0000000715a00000, 0x0000000728500000, 0x00000007c0000000)
  eden space 131584K, 0% used [0x0000000715a00000,0x0000000715a00000,0x000000071da80000)
  from space 21504K, 0% used [0x000000071ef80000,0x000000071ef80000,0x0000000720480000)
  to   space 21504K, 0% used [0x000000071da80000,0x000000071da80000,0x000000071ef80000)
 ParOldGen       total 176128K, used 7265K [0x00000005c0e00000, 0x00000005cba00000, 0x0000000715a00000)
  object space 176128K, 4% used [0x00000005c0e00000,0x00000005c1518430,0x00000005cba00000)
 Metaspace       used 20868K, capacity 21096K, committed 21296K, reserved 1069056K
  class space    used 2570K, capacity 2645K, committed 2688K, reserved 1048576K
}
Event: 5.317 GC heap before
{Heap before GC invocations=4 (full 1):
 PSYoungGen      total 153088K, used 131584K [0x0000000715a00000, 0x0000000728500000, 0x00000007c0000000)
  eden space 131584K, 100% used [0x0000000715a00000,0x000000071da80000,0x000000071da80000)
  from space 21504K, 0% used [0x000000071ef80000,0x000000071ef80000,0x0000000720480000)
  to   space 21504K, 0% used [0x000000071da80000,0x000000071da80000,0x000000071ef80000)
 ParOldGen       total 176128K, used 7265K [0x00000005c0e00000, 0x00000005cba00000, 0x0000000715a00000)
  object space 176128K, 4% used [0x00000005c0e00000,0x00000005c1518430,0x00000005cba00000)
 Metaspace       used 25295K, capacity 25656K, committed 26112K, reserved 1073152K
  class space    used 3109K, capacity 3201K, committed 3328K, reserved 1048576K
Event: 5.320 GC heap after
Heap after GC invocations=4 (full 1):
 PSYoungGen      total 153088K, used 3427K [0x0000000715a00000, 0x0000000725680000, 0x00000007c0000000)
  eden space 131584K, 0% used [0x0000000715a00000,0x0000000715a00000,0x000000071da80000)
  from space 21504K, 15% used [0x000000071da80000,0x000000071ddd8dc0,0x000000071ef80000)
  to   space 21504K, 0% used [0x0000000724180000,0x0000000724180000,0x0000000725680000)
 ParOldGen       total 176128K, used 7273K [0x00000005c0e00000, 0x00000005cba00000, 0x0000000715a00000)
  object space 176128K, 4% used [0x00000005c0e00000,0x00000005c151a430,0x00000005cba00000)
 Metaspace       used 25295K, capacity 25656K, committed 26112K, reserved 1073152K
  class space    used 3109K, capacity 3201K, committed 3328K, reserved 1048576K
}
Event: 5.547 GC heap before
{Heap before GC invocations=5 (full 1):
 PSYoungGen      total 153088K, used 135011K [0x0000000715a00000, 0x0000000725680000, 0x00000007c0000000)
  eden space 131584K, 100% used [0x0000000715a00000,0x000000071da80000,0x000000071da80000)
  from space 21504K, 15% used [0x000000071da80000,0x000000071ddd8dc0,0x000000071ef80000)
  to   space 21504K, 0% used [0x0000000724180000,0x0000000724180000,0x0000000725680000)
 ParOldGen       total 176128K, used 7273K [0x00000005c0e00000, 0x00000005cba00000, 0x0000000715a00000)
  object space 176128K, 4% used [0x00000005c0e00000,0x00000005c151a430,0x00000005cba00000)
 Metaspace       used 25594K, capacity 25950K, committed 26368K, reserved 1073152K
  class space    used 3151K, capacity 3234K, committed 3328K, reserved 1048576K
Event: 5.548 GC heap after
Heap after GC invocations=5 (full 1):
 PSYoungGen      total 223744K, used 1635K [0x0000000715a00000, 0x0000000725000000, 0x00000007c0000000)
  eden space 208896K, 0% used [0x0000000715a00000,0x0000000715a00000,0x0000000722600000)
  from space 14848K, 11% used [0x0000000724180000,0x0000000724318e30,0x0000000725000000)
  to   space 21504K, 0% used [0x0000000722600000,0x0000000722600000,0x0000000723b00000)
 ParOldGen       total 176128K, used 7353K [0x00000005c0e00000, 0x00000005cba00000, 0x0000000715a00000)
  object space 176128K, 4% used [0x00000005c0e00000,0x00000005c152e458,0x00000005cba00000)
 Metaspace       used 25594K, capacity 25950K, committed 26368K, reserved 1073152K
  class space    used 3151K, capacity 3234K, committed 3328K, reserved 1048576K
}
Event: 6.064 GC heap before
{Heap before GC invocations=6 (full 1):
 PSYoungGen      total 223744K, used 210531K [0x0000000715a00000, 0x0000000725000000, 0x00000007c0000000)
  eden space 208896K, 100% used [0x0000000715a00000,0x0000000722600000,0x0000000722600000)
  from space 14848K, 11% used [0x0000000724180000,0x0000000724318e30,0x0000000725000000)
  to   space 21504K, 0% used [0x0000000722600000,0x0000000722600000,0x0000000723b00000)
 ParOldGen       total 176128K, used 7353K [0x00000005c0e00000, 0x00000005cba00000, 0x0000000715a00000)
  object space 176128K, 4% used [0x00000005c0e00000,0x00000005c152e458,0x00000005cba00000)
 Metaspace       used 26531K, capacity 26828K, committed 27264K, reserved 1073152K
  class space    used 3249K, capacity 3333K, committed 3456K, reserved 1048576K
Event: 6.071 GC heap after
Heap after GC invocations=6 (full 1):
 PSYoungGen      total 230400K, used 20531K [0x0000000715a00000, 0x000000072c400000, 0x00000007c0000000)
  eden space 208896K, 0% used [0x0000000715a00000,0x0000000715a00000,0x0000000722600000)
  from space 21504K, 95% used [0x0000000722600000,0x0000000723a0cee8,0x0000000723b00000)
  to   space 22016K, 0% used [0x000000072ae80000,0x000000072ae80000,0x000000072c400000)
 ParOldGen       total 176128K, used 12051K [0x00000005c0e00000, 0x00000005cba00000, 0x0000000715a00000)
  object space 176128K, 6% used [0x00000005c0e00000,0x00000005c19c4e68,0x00000005cba00000)
 Metaspace       used 26531K, capacity 26828K, committed 27264K, reserved 1073152K
  class space    used 3249K, capacity 3333K, committed 3456K, reserved 1048576K
}

