# JRE version: Java(TM) SE Runtime Environment (8.0_201-b09) (build 1.8.0_201-b09)
# Java VM: Java HotSpot(TM) 64-Bit Server VM (25.201-b09 mixed mode windows-amd64 compressed oops)
Heap:
 PSYoungGen      total 301056K, used 14239K [0x0000000715a00000, 0x0000000729a00000, 0x00000007c0000000)
  eden space 298496K, 4% used [0x0000000715a00000,0x00000007165b0988,0x0000000727d80000)
  from space 2560K, 88% used [0x0000000729780000,0x00000007299b7308,0x0000000729a00000)
  to   space 12288K, 0% used [0x0000000728200000,0x0000000728200000,0x0000000728e00000)
 ParOldGen       total 178688K, used 7314K [0x00000005c0e00000, 0x00000005cbc80000, 0x0000000715a00000)
  object space 178688K, 4% used [0x00000005c0e00000,0x00000005c1524b18,0x00000005cbc80000)
 Metaspace       used 26879K, capacity 27254K, committed 27520K, reserved 1073152K
  class space    used 3277K, capacity 3366K, committed 3456K, reserved 1048576K
GC Heap History (10 events):
Event: 1.975 GC heap before
{Heap before GC invocations=3 (full 1):
 PSYoungGen      total 153088K, used 7393K [0x0000000715a00000, 0x0000000728500000, 0x00000007c0000000)
  eden space 131584K, 0% used [0x0000000715a00000,0x0000000715a00000,0x000000071da80000)
  from space 21504K, 34% used [0x000000071ef80000,0x000000071f6b84b0,0x0000000720480000)
  to   space 21504K, 0% used [0x000000071da80000,0x000000071da80000,0x000000071ef80000)
 ParOldGen       total 349696K, used 32K [0x00000005c0e00000, 0x00000005d6380000, 0x0000000715a00000)
  object space 349696K, 0% used [0x00000005c0e00000,0x00000005c0e08000,0x00000005d6380000)
 Metaspace       used 20811K, capacity 21096K, committed 21296K, reserved 1069056K
  class space    used 2553K, capacity 2645K, committed 2688K, reserved 1048576K
Event: 2.002 GC heap after
Heap after GC invocations=3 (full 1):
 PSYoungGen      total 153088K, used 0K [0x0000000715a00000, 0x0000000728500000, 0x00000007c0000000)
  eden space 131584K, 0% used [0x0000000715a00000,0x0000000715a00000,0x000000071da80000)
  from space 21504K, 0% used [0x000000071ef80000,0x000000071ef80000,0x0000000720480000)
  to   space 21504K, 0% used [0x000000071da80000,0x000000071da80000,0x000000071ef80000)
 ParOldGen       total 178688K, used 7210K [0x00000005c0e00000, 0x00000005cbc80000, 0x0000000715a00000)
  object space 178688K, 4% used [0x00000005c0e00000,0x00000005c150aaf0,0x00000005cbc80000)
 Metaspace       used 20811K, capacity 21096K, committed 21296K, reserved 1069056K
  class space    used 2553K, capacity 2645K, committed 2688K, reserved 1048576K
}
Event: 14.750 GC heap before
{Heap before GC invocations=4 (full 1):
 PSYoungGen      total 153088K, used 131584K [0x0000000715a00000, 0x0000000728500000, 0x00000007c0000000)
  eden space 131584K, 100% used [0x0000000715a00000,0x000000071da80000,0x000000071da80000)
  from space 21504K, 0% used [0x000000071ef80000,0x000000071ef80000,0x0000000720480000)
  to   space 21504K, 0% used [0x000000071da80000,0x000000071da80000,0x000000071ef80000)
 ParOldGen       total 178688K, used 7210K [0x00000005c0e00000, 0x00000005cbc80000, 0x0000000715a00000)
  object space 178688K, 4% used [0x00000005c0e00000,0x00000005c150aaf0,0x00000005cbc80000)
 Metaspace       used 25955K, capacity 26282K, committed 26624K, reserved 1073152K
  class space    used 3166K, capacity 3236K, committed 3328K, reserved 1048576K
Event: 14.752 GC heap after
Heap after GC invocations=4 (full 1):
 PSYoungGen      total 153088K, used 4112K [0x0000000715a00000, 0x0000000725380000, 0x00000007c0000000)
  eden space 131584K, 0% used [0x0000000715a00000,0x0000000715a00000,0x000000071da80000)
  from space 21504K, 19% used [0x000000071da80000,0x000000071de841a0,0x000000071ef80000)
  to   space 21504K, 0% used [0x0000000723e80000,0x0000000723e80000,0x0000000725380000)
 ParOldGen       total 178688K, used 7218K [0x00000005c0e00000, 0x00000005cbc80000, 0x0000000715a00000)
  object space 178688K, 4% used [0x00000005c0e00000,0x00000005c150caf0,0x00000005cbc80000)
 Metaspace       used 25955K, capacity 26282K, committed 26624K, reserved 1073152K
  class space    used 3166K, capacity 3236K, committed 3328K, reserved 1048576K
}
Event: 14.977 GC heap before
{Heap before GC invocations=5 (full 1):
 PSYoungGen      total 153088K, used 135696K [0x0000000715a00000, 0x0000000725380000, 0x00000007c0000000)
  eden space 131584K, 100% used [0x0000000715a00000,0x000000071da80000,0x000000071da80000)
  from space 21504K, 19% used [0x000000071da80000,0x000000071de841a0,0x000000071ef80000)
  to   space 21504K, 0% used [0x0000000723e80000,0x0000000723e80000,0x0000000725380000)
 ParOldGen       total 178688K, used 7218K [0x00000005c0e00000, 0x00000005cbc80000, 0x0000000715a00000)
  object space 178688K, 4% used [0x00000005c0e00000,0x00000005c150caf0,0x00000005cbc80000)
 Metaspace       used 26387K, capacity 26672K, committed 26880K, reserved 1073152K
  class space    used 3240K, capacity 3301K, committed 3328K, reserved 1048576K
Event: 14.978 GC heap after
Heap after GC invocations=5 (full 1):
 PSYoungGen      total 222720K, used 2473K [0x0000000715a00000, 0x0000000724e00000, 0x00000007c0000000)
  eden space 206848K, 0% used [0x0000000715a00000,0x0000000715a00000,0x0000000722400000)
  from space 15872K, 15% used [0x0000000723e80000,0x00000007240ea590,0x0000000724e00000)
  to   space 21504K, 0% used [0x0000000722400000,0x0000000722400000,0x0000000723900000)
 ParOldGen       total 178688K, used 7298K [0x00000005c0e00000, 0x00000005cbc80000, 0x0000000715a00000)
  object space 178688K, 4% used [0x00000005c0e00000,0x00000005c1520b18,0x00000005cbc80000)
 Metaspace       used 26387K, capacity 26672K, committed 26880K, reserved 1073152K
  class space    used 3240K, capacity 3301K, committed 3328K, reserved 1048576K
}
Event: 16.043 GC heap before
{Heap before GC invocations=6 (full 1):
 PSYoungGen      total 222720K, used 209321K [0x0000000715a00000, 0x0000000724e00000, 0x00000007c0000000)
  eden space 206848K, 100% used [0x0000000715a00000,0x0000000722400000,0x0000000722400000)
  from space 15872K, 15% used [0x0000000723e80000,0x00000007240ea590,0x0000000724e00000)
  to   space 21504K, 0% used [0x0000000722400000,0x0000000722400000,0x0000000723900000)
 ParOldGen       total 178688K, used 7298K [0x00000005c0e00000, 0x00000005cbc80000, 0x0000000715a00000)
  object space 178688K, 4% used [0x00000005c0e00000,0x00000005c1520b18,0x00000005cbc80000)
 Metaspace       used 26827K, capacity 27126K, committed 27520K, reserved 1073152K
  class space    used 3275K, capacity 3366K, committed 3456K, reserved 1048576K
Event: 16.046 GC heap after
Heap after GC invocations=6 (full 1):
 PSYoungGen      total 228352K, used 3369K [0x0000000715a00000, 0x000000072a400000, 0x00000007c0000000)
  eden space 206848K, 0% used [0x0000000715a00000,0x0000000715a00000,0x0000000722400000)
  from space 21504K, 15% used [0x0000000722400000,0x000000072274a748,0x0000000723900000)
  to   space 12800K, 0% used [0x0000000729780000,0x0000000729780000,0x000000072a400000)
 ParOldGen       total 178688K, used 7306K [0x00000005c0e00000, 0x00000005cbc80000, 0x0000000715a00000)
  object space 178688K, 4% used [0x00000005c0e00000,0x00000005c1522b18,0x00000005cbc80000)
 Metaspace       used 26827K, capacity 27126K, committed 27520K, reserved 1073152K
  class space    used 3275K, capacity 3366K, committed 3456K, reserved 1048576K
}
Event: 18.493 GC heap before
{Heap before GC invocations=7 (full 1):
 PSYoungGen      total 228352K, used 210217K [0x0000000715a00000, 0x000000072a400000, 0x00000007c0000000)
  eden space 206848K, 100% used [0x0000000715a00000,0x0000000722400000,0x0000000722400000)
  from space 21504K, 15% used [0x0000000722400000,0x000000072274a748,0x0000000723900000)
  to   space 12800K, 0% used [0x0000000729780000,0x0000000729780000,0x000000072a400000)
 ParOldGen       total 178688K, used 7306K [0x00000005c0e00000, 0x00000005cbc80000, 0x0000000715a00000)
  object space 178688K, 4% used [0x00000005c0e00000,0x00000005c1522b18,0x00000005cbc80000)
 Metaspace       used 26879K, capacity 27254K, committed 27520K, reserved 1073152K
  class space    used 3277K, capacity 3366K, committed 3456K, reserved 1048576K
Event: 18.495 GC heap after
Heap after GC invocations=7 (full 1):
 PSYoungGen      total 301056K, used 2268K [0x0000000715a00000, 0x0000000729a00000, 0x00000007c0000000)
  eden space 298496K, 0% used [0x0000000715a00000,0x0000000715a00000,0x0000000727d80000)
  from space 2560K, 88% used [0x0000000729780000,0x00000007299b7308,0x0000000729a00000)
  to   space 12288K, 0% used [0x0000000728200000,0x0000000728200000,0x0000000728e00000)
 ParOldGen       total 178688K, used 7314K [0x00000005c0e00000, 0x00000005cbc80000, 0x0000000715a00000)
  object space 178688K, 4% used [0x00000005c0e00000,0x00000005c1524b18,0x00000005cbc80000)
 Metaspace       used 26879K, capacity 27254K, committed 27520K, reserved 1073152K
  class space    used 3277K, capacity 3366K, committed 3456K, reserved 1048576K
}

