# JRE version: Java(TM) SE Runtime Environment (8.0_201-b09) (build 1.8.0_201-b09)
# Java VM: Java HotSpot(TM) 64-Bit Server VM (25.201-b09 mixed mode windows-amd64 compressed oops)
Heap:
 PSYoungGen      total 153088K, used 18042K [0x0000000715a00000, 0x0000000720480000, 0x00000007c0000000)
  eden space 131584K, 11% used [0x0000000715a00000,0x000000071686b310,0x000000071da80000)
  from space 21504K, 15% used [0x000000071ef80000,0x000000071f2b3758,0x0000000720480000)
  to   space 21504K, 0% used [0x000000071da80000,0x000000071da80000,0x000000071ef80000)
 ParOldGen       total 349696K, used 24K [0x00000005c0e00000, 0x00000005d6380000, 0x0000000715a00000)
  object space 349696K, 0% used [0x00000005c0e00000,0x00000005c0e06000,0x00000005d6380000)
 Metaspace       used 9385K, capacity 9614K, committed 9856K, reserved 1058816K
  class space    used 1011K, capacity 1053K, committed 1152K, reserved 1048576K
GC Heap History (4 events):
Event: 0.920 GC heap before
{Heap before GC invocations=1 (full 0):
 PSYoungGen      total 153088K, used 131584K [0x0000000715a00000, 0x0000000720480000, 0x00000007c0000000)
  eden space 131584K, 100% used [0x0000000715a00000,0x000000071da80000,0x000000071da80000)
  from space 21504K, 0% used [0x000000071ef80000,0x000000071ef80000,0x0000000720480000)
  to   space 21504K, 0% used [0x000000071da80000,0x000000071da80000,0x000000071ef80000)
 ParOldGen       total 349696K, used 0K [0x00000005c0e00000, 0x00000005d6380000, 0x0000000715a00000)
  object space 349696K, 0% used [0x00000005c0e00000,0x00000005c0e00000,0x00000005d6380000)
 Metaspace       used 6530K, capacity 6750K, committed 6912K, reserved 1056768K
  class space    used 703K, capacity 757K, committed 768K, reserved 1048576K
Event: 0.926 GC heap after
Heap after GC invocations=1 (full 0):
 PSYoungGen      total 153088K, used 4237K [0x0000000715a00000, 0x0000000720480000, 0x00000007c0000000)
  eden space 131584K, 0% used [0x0000000715a00000,0x0000000715a00000,0x000000071da80000)
  from space 21504K, 19% used [0x000000071da80000,0x000000071dea3650,0x000000071ef80000)
  to   space 21504K, 0% used [0x000000071ef80000,0x000000071ef80000,0x0000000720480000)
 ParOldGen       total 349696K, used 16K [0x00000005c0e00000, 0x00000005d6380000, 0x0000000715a00000)
  object space 349696K, 0% used [0x00000005c0e00000,0x00000005c0e04000,0x00000005d6380000)
 Metaspace       used 6530K, capacity 6750K, committed 6912K, reserved 1056768K
  class space    used 703K, capacity 757K, committed 768K, reserved 1048576K
}
Event: 1.460 GC heap before
{Heap before GC invocations=2 (full 0):
 PSYoungGen      total 153088K, used 135821K [0x0000000715a00000, 0x0000000720480000, 0x00000007c0000000)
  eden space 131584K, 100% used [0x0000000715a00000,0x000000071da80000,0x000000071da80000)
  from space 21504K, 19% used [0x000000071da80000,0x000000071dea3650,0x000000071ef80000)
  to   space 21504K, 0% used [0x000000071ef80000,0x000000071ef80000,0x0000000720480000)
 ParOldGen       total 349696K, used 16K [0x00000005c0e00000, 0x00000005d6380000, 0x0000000715a00000)
  object space 349696K, 0% used [0x00000005c0e00000,0x00000005c0e04000,0x00000005d6380000)
 Metaspace       used 8275K, capacity 8414K, committed 8576K, reserved 1056768K
  class space    used 879K, capacity 885K, committed 896K, reserved 1048576K
Event: 1.462 GC heap after
Heap after GC invocations=2 (full 0):
 PSYoungGen      total 153088K, used 3277K [0x0000000715a00000, 0x0000000720480000, 0x00000007c0000000)
  eden space 131584K, 0% used [0x0000000715a00000,0x0000000715a00000,0x000000071da80000)
  from space 21504K, 15% used [0x000000071ef80000,0x000000071f2b3758,0x0000000720480000)
  to   space 21504K, 0% used [0x000000071da80000,0x000000071da80000,0x000000071ef80000)
 ParOldGen       total 349696K, used 24K [0x00000005c0e00000, 0x00000005d6380000, 0x0000000715a00000)
  object space 349696K, 0% used [0x00000005c0e00000,0x00000005c0e06000,0x00000005d6380000)
 Metaspace       used 8275K, capacity 8414K, committed 8576K, reserved 1056768K
  class space    used 879K, capacity 885K, committed 896K, reserved 1048576K
}

