# JRE version: Java(TM) SE Runtime Environment (8.0_201-b09) (build 1.8.0_201-b09)
# Java VM: Java HotSpot(TM) 64-Bit Server VM (25.201-b09 mixed mode windows-amd64 compressed oops)
Heap:
 PSYoungGen      total 153088K, used 18040K [0x0000000715a00000, 0x0000000720480000, 0x00000007c0000000)
  eden space 131584K, 11% used [0x0000000715a00000,0x000000071686ae98,0x000000071da80000)
  from space 21504K, 15% used [0x000000071ef80000,0x000000071f2b34c8,0x0000000720480000)
  to   space 21504K, 0% used [0x000000071da80000,0x000000071da80000,0x000000071ef80000)
 ParOldGen       total 349696K, used 16K [0x00000005c0e00000, 0x00000005d6380000, 0x0000000715a00000)
  object space 349696K, 0% used [0x00000005c0e00000,0x00000005c0e04000,0x00000005d6380000)
 Metaspace       used 9391K, capacity 9642K, committed 9856K, reserved 1058816K
  class space    used 1011K, capacity 1081K, committed 1152K, reserved 1048576K
GC Heap History (4 events):
Event: 0.884 GC heap before
{Heap before GC invocations=1 (full 0):
 PSYoungGen      total 153088K, used 131584K [0x0000000715a00000, 0x0000000720480000, 0x00000007c0000000)
  eden space 131584K, 100% used [0x0000000715a00000,0x000000071da80000,0x000000071da80000)
  from space 21504K, 0% used [0x000000071ef80000,0x000000071ef80000,0x0000000720480000)
  to   space 21504K, 0% used [0x000000071da80000,0x000000071da80000,0x000000071ef80000)
 ParOldGen       total 349696K, used 0K [0x00000005c0e00000, 0x00000005d6380000, 0x0000000715a00000)
  object space 349696K, 0% used [0x00000005c0e00000,0x00000005c0e00000,0x00000005d6380000)
 Metaspace       used 6524K, capacity 6682K, committed 6912K, reserved 1056768K
  class space    used 702K, capacity 753K, committed 768K, reserved 1048576K
Event: 0.891 GC heap after
Heap after GC invocations=1 (full 0):
 PSYoungGen      total 153088K, used 4282K [0x0000000715a00000, 0x0000000720480000, 0x00000007c0000000)
  eden space 131584K, 0% used [0x0000000715a00000,0x0000000715a00000,0x000000071da80000)
  from space 21504K, 19% used [0x000000071da80000,0x000000071deae830,0x000000071ef80000)
  to   space 21504K, 0% used [0x000000071ef80000,0x000000071ef80000,0x0000000720480000)
 ParOldGen       total 349696K, used 8K [0x00000005c0e00000, 0x00000005d6380000, 0x0000000715a00000)
  object space 349696K, 0% used [0x00000005c0e00000,0x00000005c0e02000,0x00000005d6380000)
 Metaspace       used 6524K, capacity 6682K, committed 6912K, reserved 1056768K
  class space    used 702K, capacity 753K, committed 768K, reserved 1048576K
}
Event: 1.371 GC heap before
{Heap before GC invocations=2 (full 0):
 PSYoungGen      total 153088K, used 135866K [0x0000000715a00000, 0x0000000720480000, 0x00000007c0000000)
  eden space 131584K, 100% used [0x0000000715a00000,0x000000071da80000,0x000000071da80000)
  from space 21504K, 19% used [0x000000071da80000,0x000000071deae830,0x000000071ef80000)
  to   space 21504K, 0% used [0x000000071ef80000,0x000000071ef80000,0x0000000720480000)
 ParOldGen       total 349696K, used 8K [0x00000005c0e00000, 0x00000005d6380000, 0x0000000715a00000)
  object space 349696K, 0% used [0x00000005c0e00000,0x00000005c0e02000,0x00000005d6380000)
 Metaspace       used 8280K, capacity 8442K, committed 8704K, reserved 1056768K
  class space    used 879K, capacity 913K, committed 1024K, reserved 1048576K
Event: 1.373 GC heap after
Heap after GC invocations=2 (full 0):
 PSYoungGen      total 153088K, used 3277K [0x0000000715a00000, 0x0000000720480000, 0x00000007c0000000)
  eden space 131584K, 0% used [0x0000000715a00000,0x0000000715a00000,0x000000071da80000)
  from space 21504K, 15% used [0x000000071ef80000,0x000000071f2b34c8,0x0000000720480000)
  to   space 21504K, 0% used [0x000000071da80000,0x000000071da80000,0x000000071ef80000)
 ParOldGen       total 349696K, used 16K [0x00000005c0e00000, 0x00000005d6380000, 0x0000000715a00000)
  object space 349696K, 0% used [0x00000005c0e00000,0x00000005c0e04000,0x00000005d6380000)
 Metaspace       used 8280K, capacity 8442K, committed 8704K, reserved 1056768K
  class space    used 879K, capacity 913K, committed 1024K, reserved 1048576K
}

