# JRE version: Java(TM) SE Runtime Environment (8.0_201-b09) (build 1.8.0_201-b09)
# Java VM: Java HotSpot(TM) 64-Bit Server VM (25.201-b09 mixed mode windows-amd64 compressed oops)
Heap:
 PSYoungGen      total 248832K, used 28687K [0x0000000715a00000, 0x000000072fc80000, 0x00000007c0000000)
  eden space 227328K, 3% used [0x0000000715a00000,0x00000007161aada8,0x0000000723800000)
  from space 21504K, 96% used [0x0000000723800000,0x0000000724c59248,0x0000000724d00000)
  to   space 22016K, 0% used [0x000000072e700000,0x000000072e700000,0x000000072fc80000)
 ParOldGen       total 160768K, used 16579K [0x00000005c0e00000, 0x00000005cab00000, 0x0000000715a00000)
  object space 160768K, 10% used [0x00000005c0e00000,0x00000005c1e30ec8,0x00000005cab00000)
 Metaspace       used 26338K, capacity 26692K, committed 27264K, reserved 1073152K
  class space    used 3253K, capacity 3333K, committed 3456K, reserved 1048576K
GC Heap History (10 events):
Event: 1.923 GC heap before
{Heap before GC invocations=2 (full 0):
 PSYoungGen      total 153088K, used 26913K [0x0000000715a00000, 0x0000000720480000, 0x00000007c0000000)
  eden space 131584K, 12% used [0x0000000715a00000,0x00000007169734a0,0x000000071da80000)
  from space 21504K, 51% used [0x000000071da80000,0x000000071e555080,0x000000071ef80000)
  to   space 21504K, 0% used [0x000000071ef80000,0x000000071ef80000,0x0000000720480000)
 ParOldGen       total 349696K, used 24K [0x00000005c0e00000, 0x00000005d6380000, 0x0000000715a00000)
  object space 349696K, 0% used [0x00000005c0e00000,0x00000005c0e06000,0x00000005d6380000)
 Metaspace       used 20807K, capacity 21088K, committed 21296K, reserved 1069056K
  class space    used 2549K, capacity 2645K, committed 2688K, reserved 1048576K
Event: 1.929 GC heap after
Heap after GC invocations=2 (full 0):
 PSYoungGen      total 153088K, used 7358K [0x0000000715a00000, 0x0000000728500000, 0x00000007c0000000)
  eden space 131584K, 0% used [0x0000000715a00000,0x0000000715a00000,0x000000071da80000)
  from space 21504K, 34% used [0x000000071ef80000,0x000000071f6af9d0,0x0000000720480000)
  to   space 21504K, 0% used [0x000000071da80000,0x000000071da80000,0x000000071ef80000)
 ParOldGen       total 349696K, used 32K [0x00000005c0e00000, 0x00000005d6380000, 0x0000000715a00000)
  object space 349696K, 0% used [0x00000005c0e00000,0x00000005c0e08000,0x00000005d6380000)
 Metaspace       used 20807K, capacity 21088K, committed 21296K, reserved 1069056K
  class space    used 2549K, capacity 2645K, committed 2688K, reserved 1048576K
}
Event: 1.929 GC heap before
{Heap before GC invocations=3 (full 1):
 PSYoungGen      total 153088K, used 7358K [0x0000000715a00000, 0x0000000728500000, 0x00000007c0000000)
  eden space 131584K, 0% used [0x0000000715a00000,0x0000000715a00000,0x000000071da80000)
  from space 21504K, 34% used [0x000000071ef80000,0x000000071f6af9d0,0x0000000720480000)
  to   space 21504K, 0% used [0x000000071da80000,0x000000071da80000,0x000000071ef80000)
 ParOldGen       total 349696K, used 32K [0x00000005c0e00000, 0x00000005d6380000, 0x0000000715a00000)
  object space 349696K, 0% used [0x00000005c0e00000,0x00000005c0e08000,0x00000005d6380000)
 Metaspace       used 20807K, capacity 21088K, committed 21296K, reserved 1069056K
  class space    used 2549K, capacity 2645K, committed 2688K, reserved 1048576K
Event: 1.957 GC heap after
Heap after GC invocations=3 (full 1):
 PSYoungGen      total 153088K, used 0K [0x0000000715a00000, 0x0000000728500000, 0x00000007c0000000)
  eden space 131584K, 0% used [0x0000000715a00000,0x0000000715a00000,0x000000071da80000)
  from space 21504K, 0% used [0x000000071ef80000,0x000000071ef80000,0x0000000720480000)
  to   space 21504K, 0% used [0x000000071da80000,0x000000071da80000,0x000000071ef80000)
 ParOldGen       total 160768K, used 7102K [0x00000005c0e00000, 0x00000005cab00000, 0x0000000715a00000)
  object space 160768K, 4% used [0x00000005c0e00000,0x00000005c14efa80,0x00000005cab00000)
 Metaspace       used 20807K, capacity 21088K, committed 21296K, reserved 1069056K
  class space    used 2549K, capacity 2645K, committed 2688K, reserved 1048576K
}
Event: 5.895 GC heap before
{Heap before GC invocations=4 (full 1):
 PSYoungGen      total 153088K, used 131584K [0x0000000715a00000, 0x0000000728500000, 0x00000007c0000000)
  eden space 131584K, 100% used [0x0000000715a00000,0x000000071da80000,0x000000071da80000)
  from space 21504K, 0% used [0x000000071ef80000,0x000000071ef80000,0x0000000720480000)
  to   space 21504K, 0% used [0x000000071da80000,0x000000071da80000,0x000000071ef80000)
 ParOldGen       total 160768K, used 7102K [0x00000005c0e00000, 0x00000005cab00000, 0x0000000715a00000)
  object space 160768K, 4% used [0x00000005c0e00000,0x00000005c14efa80,0x00000005cab00000)
 Metaspace       used 25208K, capacity 25488K, committed 25728K, reserved 1071104K
  class space    used 3098K, capacity 3169K, committed 3200K, reserved 1048576K
Event: 5.897 GC heap after
Heap after GC invocations=4 (full 1):
 PSYoungGen      total 153088K, used 3707K [0x0000000715a00000, 0x0000000726800000, 0x00000007c0000000)
  eden space 131584K, 0% used [0x0000000715a00000,0x0000000715a00000,0x000000071da80000)
  from space 21504K, 17% used [0x000000071da80000,0x000000071de1efa8,0x000000071ef80000)
  to   space 21504K, 0% used [0x0000000725300000,0x0000000725300000,0x0000000726800000)
 ParOldGen       total 160768K, used 7182K [0x00000005c0e00000, 0x00000005cab00000, 0x0000000715a00000)
  object space 160768K, 4% used [0x00000005c0e00000,0x00000005c1503aa8,0x00000005cab00000)
 Metaspace       used 25208K, capacity 25488K, committed 25728K, reserved 1071104K
  class space    used 3098K, capacity 3169K, committed 3200K, reserved 1048576K
}
Event: 6.136 GC heap before
{Heap before GC invocations=5 (full 1):
 PSYoungGen      total 153088K, used 135291K [0x0000000715a00000, 0x0000000726800000, 0x00000007c0000000)
  eden space 131584K, 100% used [0x0000000715a00000,0x000000071da80000,0x000000071da80000)
  from space 21504K, 17% used [0x000000071da80000,0x000000071de1efa8,0x000000071ef80000)
  to   space 21504K, 0% used [0x0000000725300000,0x0000000725300000,0x0000000726800000)
 ParOldGen       total 160768K, used 7182K [0x00000005c0e00000, 0x00000005cab00000, 0x0000000715a00000)
  object space 160768K, 4% used [0x00000005c0e00000,0x00000005c1503aa8,0x00000005cab00000)
 Metaspace       used 25557K, capacity 25878K, committed 26368K, reserved 1073152K
  class space    used 3155K, capacity 3234K, committed 3328K, reserved 1048576K
Event: 6.137 GC heap after
Heap after GC invocations=5 (full 1):
 PSYoungGen      total 242688K, used 1908K [0x0000000715a00000, 0x0000000726200000, 0x00000007c0000000)
  eden space 227328K, 0% used [0x0000000715a00000,0x0000000715a00000,0x0000000723800000)
  from space 15360K, 12% used [0x0000000725300000,0x00000007254dd170,0x0000000726200000)
  to   space 21504K, 0% used [0x0000000723800000,0x0000000723800000,0x0000000724d00000)
 ParOldGen       total 160768K, used 7190K [0x00000005c0e00000, 0x00000005cab00000, 0x0000000715a00000)
  object space 160768K, 4% used [0x00000005c0e00000,0x00000005c1505aa8,0x00000005cab00000)
 Metaspace       used 25557K, capacity 25878K, committed 26368K, reserved 1073152K
  class space    used 3155K, capacity 3234K, committed 3328K, reserved 1048576K
}
Event: 6.525 GC heap before
{Heap before GC invocations=6 (full 1):
 PSYoungGen      total 242688K, used 229236K [0x0000000715a00000, 0x0000000726200000, 0x00000007c0000000)
  eden space 227328K, 100% used [0x0000000715a00000,0x0000000723800000,0x0000000723800000)
  from space 15360K, 12% used [0x0000000725300000,0x00000007254dd170,0x0000000726200000)
  to   space 21504K, 0% used [0x0000000723800000,0x0000000723800000,0x0000000724d00000)
 ParOldGen       total 160768K, used 7190K [0x00000005c0e00000, 0x00000005cab00000, 0x0000000715a00000)
  object space 160768K, 4% used [0x00000005c0e00000,0x00000005c1505aa8,0x00000005cab00000)
 Metaspace       used 26337K, capacity 26692K, committed 27264K, reserved 1073152K
  class space    used 3253K, capacity 3333K, committed 3456K, reserved 1048576K
Event: 6.531 GC heap after
Heap after GC invocations=6 (full 1):
 PSYoungGen      total 248832K, used 20836K [0x0000000715a00000, 0x000000072fc80000, 0x00000007c0000000)
  eden space 227328K, 0% used [0x0000000715a00000,0x0000000715a00000,0x0000000723800000)
  from space 21504K, 96% used [0x0000000723800000,0x0000000724c59248,0x0000000724d00000)
  to   space 22016K, 0% used [0x000000072e700000,0x000000072e700000,0x000000072fc80000)
 ParOldGen       total 160768K, used 16579K [0x00000005c0e00000, 0x00000005cab00000, 0x0000000715a00000)
  object space 160768K, 10% used [0x00000005c0e00000,0x00000005c1e30ec8,0x00000005cab00000)
 Metaspace       used 26337K, capacity 26692K, committed 27264K, reserved 1073152K
  class space    used 3253K, capacity 3333K, committed 3456K, reserved 1048576K
}

