# JRE version: Java(TM) SE Runtime Environment (8.0_161-b12) (build 1.8.0_161-b12)
# Java VM: Java HotSpot(TM) 64-Bit Server VM (25.161-b12 mixed mode windows-amd64 compressed oops)
Heap:
 PSYoungGen      total 138240K, used 62973K [0x00000000d5f80000, 0x00000000df500000, 0x0000000100000000)
  eden space 126976K, 49% used [0x00000000d5f80000,0x00000000d9cff458,0x00000000ddb80000)
  from space 11264K, 0% used [0x00000000ddb80000,0x00000000ddb80000,0x00000000de680000)
  to   space 12288K, 0% used [0x00000000de900000,0x00000000de900000,0x00000000df500000)
 ParOldGen       total 51712K, used 14900K [0x0000000081e00000, 0x0000000085080000, 0x00000000d5f80000)
  object space 51712K, 28% used [0x0000000081e00000,0x0000000082c8d2c0,0x0000000085080000)
 Metaspace       used 32243K, capacity 32572K, committed 32896K, reserved 1077248K
  class space    used 4048K, capacity 4153K, committed 4224K, reserved 1048576K
GC Heap History (10 events):
Event: 98.008 GC heap before
{Heap before GC invocations=6 (full 1):
 PSYoungGen      total 71680K, used 66560K [0x00000000d5f80000, 0x00000000daa80000, 0x0000000100000000)
  eden space 66560K, 100% used [0x00000000d5f80000,0x00000000da080000,0x00000000da080000)
  from space 5120K, 0% used [0x00000000da580000,0x00000000da580000,0x00000000daa80000)
  to   space 5120K, 0% used [0x00000000da080000,0x00000000da080000,0x00000000da580000)
 ParOldGen       total 51712K, used 11234K [0x0000000081e00000, 0x0000000085080000, 0x00000000d5f80000)
  object space 51712K, 21% used [0x0000000081e00000,0x00000000828f8a18,0x0000000085080000)
 Metaspace       used 25709K, capacity 26000K, committed 26368K, reserved 1073152K
  class space    used 3175K, capacity 3267K, committed 3328K, reserved 1048576K
Event: 98.019 GC heap after
Heap after GC invocations=6 (full 1):
 PSYoungGen      total 71680K, used 5100K [0x00000000d5f80000, 0x00000000df000000, 0x0000000100000000)
  eden space 66560K, 0% used [0x00000000d5f80000,0x00000000d5f80000,0x00000000da080000)
  from space 5120K, 99% used [0x00000000da080000,0x00000000da57b2c0,0x00000000da580000)
  to   space 9728K, 0% used [0x00000000de680000,0x00000000de680000,0x00000000df000000)
 ParOldGen       total 51712K, used 13776K [0x0000000081e00000, 0x0000000085080000, 0x00000000d5f80000)
  object space 51712K, 26% used [0x0000000081e00000,0x0000000082b74350,0x0000000085080000)
 Metaspace       used 25709K, capacity 26000K, committed 26368K, reserved 1073152K
  class space    used 3175K, capacity 3267K, committed 3328K, reserved 1048576K
}
Event: 99.324 GC heap before
{Heap before GC invocations=7 (full 1):
 PSYoungGen      total 71680K, used 49294K [0x00000000d5f80000, 0x00000000df000000, 0x0000000100000000)
  eden space 66560K, 66% used [0x00000000d5f80000,0x00000000d8aa8730,0x00000000da080000)
  from space 5120K, 99% used [0x00000000da080000,0x00000000da57b2c0,0x00000000da580000)
  to   space 9728K, 0% used [0x00000000de680000,0x00000000de680000,0x00000000df000000)
 ParOldGen       total 51712K, used 13776K [0x0000000081e00000, 0x0000000085080000, 0x00000000d5f80000)
  object space 51712K, 26% used [0x0000000081e00000,0x0000000082b74350,0x0000000085080000)
 Metaspace       used 29893K, capacity 30172K, committed 30592K, reserved 1075200K
  class space    used 3786K, capacity 3845K, committed 3968K, reserved 1048576K
Event: 99.337 GC heap after
Heap after GC invocations=7 (full 1):
 PSYoungGen      total 136704K, used 9714K [0x00000000d5f80000, 0x00000000df300000, 0x0000000100000000)
  eden space 126976K, 0% used [0x00000000d5f80000,0x00000000d5f80000,0x00000000ddb80000)
  from space 9728K, 99% used [0x00000000de680000,0x00000000deffcb60,0x00000000df000000)
  to   space 11264K, 0% used [0x00000000ddb80000,0x00000000ddb80000,0x00000000de680000)
 ParOldGen       total 51712K, used 14260K [0x0000000081e00000, 0x0000000085080000, 0x00000000d5f80000)
  object space 51712K, 27% used [0x0000000081e00000,0x0000000082bed318,0x0000000085080000)
 Metaspace       used 29893K, capacity 30172K, committed 30592K, reserved 1075200K
  class space    used 3786K, capacity 3845K, committed 3968K, reserved 1048576K
}
Event: 99.337 GC heap before
{Heap before GC invocations=8 (full 2):
 PSYoungGen      total 136704K, used 9714K [0x00000000d5f80000, 0x00000000df300000, 0x0000000100000000)
  eden space 126976K, 0% used [0x00000000d5f80000,0x00000000d5f80000,0x00000000ddb80000)
  from space 9728K, 99% used [0x00000000de680000,0x00000000deffcb60,0x00000000df000000)
  to   space 11264K, 0% used [0x00000000ddb80000,0x00000000ddb80000,0x00000000de680000)
 ParOldGen       total 51712K, used 14260K [0x0000000081e00000, 0x0000000085080000, 0x00000000d5f80000)
  object space 51712K, 27% used [0x0000000081e00000,0x0000000082bed318,0x0000000085080000)
 Metaspace       used 29893K, capacity 30172K, committed 30592K, reserved 1075200K
  class space    used 3786K, capacity 3845K, committed 3968K, reserved 1048576K
Event: 99.447 GC heap after
Heap after GC invocations=8 (full 2):
 PSYoungGen      total 136704K, used 0K [0x00000000d5f80000, 0x00000000df300000, 0x0000000100000000)
  eden space 126976K, 0% used [0x00000000d5f80000,0x00000000d5f80000,0x00000000ddb80000)
  from space 9728K, 0% used [0x00000000de680000,0x00000000de680000,0x00000000df000000)
  to   space 11264K, 0% used [0x00000000ddb80000,0x00000000ddb80000,0x00000000de680000)
 ParOldGen       total 51712K, used 16805K [0x0000000081e00000, 0x0000000085080000, 0x00000000d5f80000)
  object space 51712K, 32% used [0x0000000081e00000,0x0000000082e69680,0x0000000085080000)
 Metaspace       used 29893K, capacity 30172K, committed 30592K, reserved 1075200K
  class space    used 3786K, capacity 3845K, committed 3968K, reserved 1048576K
}
Event: 115.977 GC heap before
{Heap before GC invocations=9 (full 2):
 PSYoungGen      total 136704K, used 12989K [0x00000000d5f80000, 0x00000000df300000, 0x0000000100000000)
  eden space 126976K, 10% used [0x00000000d5f80000,0x00000000d6c2f630,0x00000000ddb80000)
  from space 9728K, 0% used [0x00000000de680000,0x00000000de680000,0x00000000df000000)
  to   space 11264K, 0% used [0x00000000ddb80000,0x00000000ddb80000,0x00000000de680000)
 ParOldGen       total 51712K, used 16805K [0x0000000081e00000, 0x0000000085080000, 0x00000000d5f80000)
  object space 51712K, 32% used [0x0000000081e00000,0x0000000082e69680,0x0000000085080000)
 Metaspace       used 30047K, capacity 30370K, committed 30848K, reserved 1077248K
  class space    used 3786K, capacity 3846K, committed 3968K, reserved 1048576K
Event: 115.979 GC heap after
Heap after GC invocations=9 (full 2):
 PSYoungGen      total 138240K, used 1281K [0x00000000d5f80000, 0x00000000df500000, 0x0000000100000000)
  eden space 126976K, 0% used [0x00000000d5f80000,0x00000000d5f80000,0x00000000ddb80000)
  from space 11264K, 11% used [0x00000000ddb80000,0x00000000ddcc0698,0x00000000de680000)
  to   space 12288K, 0% used [0x00000000de900000,0x00000000de900000,0x00000000df500000)
 ParOldGen       total 51712K, used 16813K [0x0000000081e00000, 0x0000000085080000, 0x00000000d5f80000)
  object space 51712K, 32% used [0x0000000081e00000,0x0000000082e6b680,0x0000000085080000)
 Metaspace       used 30047K, capacity 30370K, committed 30848K, reserved 1077248K
  class space    used 3786K, capacity 3846K, committed 3968K, reserved 1048576K
}
Event: 115.979 GC heap before
{Heap before GC invocations=10 (full 3):
 PSYoungGen      total 138240K, used 1281K [0x00000000d5f80000, 0x00000000df500000, 0x0000000100000000)
  eden space 126976K, 0% used [0x00000000d5f80000,0x00000000d5f80000,0x00000000ddb80000)
  from space 11264K, 11% used [0x00000000ddb80000,0x00000000ddcc0698,0x00000000de680000)
  to   space 12288K, 0% used [0x00000000de900000,0x00000000de900000,0x00000000df500000)
 ParOldGen       total 51712K, used 16813K [0x0000000081e00000, 0x0000000085080000, 0x00000000d5f80000)
  object space 51712K, 32% used [0x0000000081e00000,0x0000000082e6b680,0x0000000085080000)
 Metaspace       used 30047K, capacity 30370K, committed 30848K, reserved 1077248K
  class space    used 3786K, capacity 3846K, committed 3968K, reserved 1048576K
Event: 116.071 GC heap after
Heap after GC invocations=10 (full 3):
 PSYoungGen      total 138240K, used 0K [0x00000000d5f80000, 0x00000000df500000, 0x0000000100000000)
  eden space 126976K, 0% used [0x00000000d5f80000,0x00000000d5f80000,0x00000000ddb80000)
  from space 11264K, 0% used [0x00000000ddb80000,0x00000000ddb80000,0x00000000de680000)
  to   space 12288K, 0% used [0x00000000de900000,0x00000000de900000,0x00000000df500000)
 ParOldGen       total 51712K, used 14900K [0x0000000081e00000, 0x0000000085080000, 0x00000000d5f80000)
  object space 51712K, 28% used [0x0000000081e00000,0x0000000082c8d2c0,0x0000000085080000)
 Metaspace       used 30047K, capacity 30370K, committed 30848K, reserved 1077248K
  class space    used 3786K, capacity 3846K, committed 3968K, reserved 1048576K
}

