# JRE version: Java(TM) SE Runtime Environment (8.0_201-b09) (build 1.8.0_201-b09)
# Java VM: Java HotSpot(TM) 64-Bit Server VM (25.201-b09 mixed mode windows-amd64 compressed oops)
Heap:
 PSYoungGen      total 233984K, used 30369K [0x0000000715a00000, 0x000000072cf00000, 0x00000007c0000000)
  eden space 212480K, 4% used [0x0000000715a00000,0x0000000716332a70,0x0000000722980000)
  from space 21504K, 97% used [0x0000000722980000,0x0000000723df5b80,0x0000000723e80000)
  to   space 22016K, 0% used [0x000000072b980000,0x000000072b980000,0x000000072cf00000)
 ParOldGen       total 173056K, used 16647K [0x00000005c0e00000, 0x00000005cb700000, 0x0000000715a00000)
  object space 173056K, 9% used [0x00000005c0e00000,0x00000005c1e41db8,0x00000005cb700000)
 Metaspace       used 26984K, capacity 27318K, committed 27776K, reserved 1073152K
  class space    used 3340K, capacity 3432K, committed 3456K, reserved 1048576K
GC Heap History (10 events):
Event: 2.005 GC heap before
{Heap before GC invocations=2 (full 0):
 PSYoungGen      total 153088K, used 29061K [0x0000000715a00000, 0x0000000720480000, 0x00000007c0000000)
  eden space 131584K, 13% used [0x0000000715a00000,0x0000000716b9b600,0x000000071da80000)
  from space 21504K, 51% used [0x000000071da80000,0x000000071e545f28,0x000000071ef80000)
  to   space 21504K, 0% used [0x000000071ef80000,0x000000071ef80000,0x0000000720480000)
 ParOldGen       total 349696K, used 24K [0x00000005c0e00000, 0x00000005d6380000, 0x0000000715a00000)
  object space 349696K, 0% used [0x00000005c0e00000,0x00000005c0e06000,0x00000005d6380000)
 Metaspace       used 20857K, capacity 21088K, committed 21296K, reserved 1069056K
  class space    used 2570K, capacity 2645K, committed 2688K, reserved 1048576K
Event: 2.013 GC heap after
Heap after GC invocations=2 (full 0):
 PSYoungGen      total 153088K, used 7390K [0x0000000715a00000, 0x0000000728500000, 0x00000007c0000000)
  eden space 131584K, 0% used [0x0000000715a00000,0x0000000715a00000,0x000000071da80000)
  from space 21504K, 34% used [0x000000071ef80000,0x000000071f6b79b0,0x0000000720480000)
  to   space 21504K, 0% used [0x000000071da80000,0x000000071da80000,0x000000071ef80000)
 ParOldGen       total 349696K, used 32K [0x00000005c0e00000, 0x00000005d6380000, 0x0000000715a00000)
  object space 349696K, 0% used [0x00000005c0e00000,0x00000005c0e08000,0x00000005d6380000)
 Metaspace       used 20857K, capacity 21088K, committed 21296K, reserved 1069056K
  class space    used 2570K, capacity 2645K, committed 2688K, reserved 1048576K
}
Event: 2.013 GC heap before
{Heap before GC invocations=3 (full 1):
 PSYoungGen      total 153088K, used 7390K [0x0000000715a00000, 0x0000000728500000, 0x00000007c0000000)
  eden space 131584K, 0% used [0x0000000715a00000,0x0000000715a00000,0x000000071da80000)
  from space 21504K, 34% used [0x000000071ef80000,0x000000071f6b79b0,0x0000000720480000)
  to   space 21504K, 0% used [0x000000071da80000,0x000000071da80000,0x000000071ef80000)
 ParOldGen       total 349696K, used 32K [0x00000005c0e00000, 0x00000005d6380000, 0x0000000715a00000)
  object space 349696K, 0% used [0x00000005c0e00000,0x00000005c0e08000,0x00000005d6380000)
 Metaspace       used 20857K, capacity 21088K, committed 21296K, reserved 1069056K
  class space    used 2570K, capacity 2645K, committed 2688K, reserved 1048576K
Event: 2.043 GC heap after
Heap after GC invocations=3 (full 1):
 PSYoungGen      total 153088K, used 0K [0x0000000715a00000, 0x0000000728500000, 0x00000007c0000000)
  eden space 131584K, 0% used [0x0000000715a00000,0x0000000715a00000,0x000000071da80000)
  from space 21504K, 0% used [0x000000071ef80000,0x000000071ef80000,0x0000000720480000)
  to   space 21504K, 0% used [0x000000071da80000,0x000000071da80000,0x000000071ef80000)
 ParOldGen       total 173056K, used 7242K [0x00000005c0e00000, 0x00000005cb700000, 0x0000000715a00000)
  object space 173056K, 4% used [0x00000005c0e00000,0x00000005c1512998,0x00000005cb700000)
 Metaspace       used 20857K, capacity 21088K, committed 21296K, reserved 1069056K
  class space    used 2570K, capacity 2645K, committed 2688K, reserved 1048576K
}
Event: 9.776 GC heap before
{Heap before GC invocations=4 (full 1):
 PSYoungGen      total 153088K, used 131584K [0x0000000715a00000, 0x0000000728500000, 0x00000007c0000000)
  eden space 131584K, 100% used [0x0000000715a00000,0x000000071da80000,0x000000071da80000)
  from space 21504K, 0% used [0x000000071ef80000,0x000000071ef80000,0x0000000720480000)
  to   space 21504K, 0% used [0x000000071da80000,0x000000071da80000,0x000000071ef80000)
 ParOldGen       total 173056K, used 7242K [0x00000005c0e00000, 0x00000005cb700000, 0x0000000715a00000)
  object space 173056K, 4% used [0x00000005c0e00000,0x00000005c1512998,0x00000005cb700000)
 Metaspace       used 25776K, capacity 26082K, committed 26368K, reserved 1073152K
  class space    used 3166K, capacity 3236K, committed 3328K, reserved 1048576K
Event: 9.779 GC heap after
Heap after GC invocations=4 (full 1):
 PSYoungGen      total 153088K, used 3598K [0x0000000715a00000, 0x0000000725a00000, 0x00000007c0000000)
  eden space 131584K, 0% used [0x0000000715a00000,0x0000000715a00000,0x000000071da80000)
  from space 21504K, 16% used [0x000000071da80000,0x000000071de03a88,0x000000071ef80000)
  to   space 21504K, 0% used [0x0000000724500000,0x0000000724500000,0x0000000725a00000)
 ParOldGen       total 173056K, used 7250K [0x00000005c0e00000, 0x00000005cb700000, 0x0000000715a00000)
  object space 173056K, 4% used [0x00000005c0e00000,0x00000005c1514998,0x00000005cb700000)
 Metaspace       used 25776K, capacity 26082K, committed 26368K, reserved 1073152K
  class space    used 3166K, capacity 3236K, committed 3328K, reserved 1048576K
}
Event: 10.029 GC heap before
{Heap before GC invocations=5 (full 1):
 PSYoungGen      total 153088K, used 135182K [0x0000000715a00000, 0x0000000725a00000, 0x00000007c0000000)
  eden space 131584K, 100% used [0x0000000715a00000,0x000000071da80000,0x000000071da80000)
  from space 21504K, 16% used [0x000000071da80000,0x000000071de03a88,0x000000071ef80000)
  to   space 21504K, 0% used [0x0000000724500000,0x0000000724500000,0x0000000725a00000)
 ParOldGen       total 173056K, used 7250K [0x00000005c0e00000, 0x00000005cb700000, 0x0000000715a00000)
  object space 173056K, 4% used [0x00000005c0e00000,0x00000005c1514998,0x00000005cb700000)
 Metaspace       used 26204K, capacity 26536K, committed 26880K, reserved 1073152K
  class space    used 3241K, capacity 3301K, committed 3328K, reserved 1048576K
Event: 10.031 GC heap after
Heap after GC invocations=5 (full 1):
 PSYoungGen      total 227328K, used 2054K [0x0000000715a00000, 0x0000000725380000, 0x00000007c0000000)
  eden space 212480K, 0% used [0x0000000715a00000,0x0000000715a00000,0x0000000722980000)
  from space 14848K, 13% used [0x0000000724500000,0x0000000724701a98,0x0000000725380000)
  to   space 21504K, 0% used [0x0000000722980000,0x0000000722980000,0x0000000723e80000)
 ParOldGen       total 173056K, used 7258K [0x00000005c0e00000, 0x00000005cb700000, 0x0000000715a00000)
  object space 173056K, 4% used [0x00000005c0e00000,0x00000005c1516998,0x00000005cb700000)
 Metaspace       used 26204K, capacity 26536K, committed 26880K, reserved 1073152K
  class space    used 3241K, capacity 3301K, committed 3328K, reserved 1048576K
}
Event: 10.409 GC heap before
{Heap before GC invocations=6 (full 1):
 PSYoungGen      total 227328K, used 214534K [0x0000000715a00000, 0x0000000725380000, 0x00000007c0000000)
  eden space 212480K, 100% used [0x0000000715a00000,0x0000000722980000,0x0000000722980000)
  from space 14848K, 13% used [0x0000000724500000,0x0000000724701a98,0x0000000725380000)
  to   space 21504K, 0% used [0x0000000722980000,0x0000000722980000,0x0000000723e80000)
 ParOldGen       total 173056K, used 7258K [0x00000005c0e00000, 0x00000005cb700000, 0x0000000715a00000)
  object space 173056K, 4% used [0x00000005c0e00000,0x00000005c1516998,0x00000005cb700000)
 Metaspace       used 26984K, capacity 27318K, committed 27776K, reserved 1073152K
  class space    used 3340K, capacity 3432K, committed 3456K, reserved 1048576K
Event: 10.415 GC heap after
Heap after GC invocations=6 (full 1):
 PSYoungGen      total 233984K, used 20950K [0x0000000715a00000, 0x000000072cf00000, 0x00000007c0000000)
  eden space 212480K, 0% used [0x0000000715a00000,0x0000000715a00000,0x0000000722980000)
  from space 21504K, 97% used [0x0000000722980000,0x0000000723df5b80,0x0000000723e80000)
  to   space 22016K, 0% used [0x000000072b980000,0x000000072b980000,0x000000072cf00000)
 ParOldGen       total 173056K, used 16647K [0x00000005c0e00000, 0x00000005cb700000, 0x0000000715a00000)
  object space 173056K, 9% used [0x00000005c0e00000,0x00000005c1e41db8,0x00000005cb700000)
 Metaspace       used 26984K, capacity 27318K, committed 27776K, reserved 1073152K
  class space    used 3340K, capacity 3432K, committed 3456K, reserved 1048576K
}

